2025-03-04 20:43:56,538 INFO Started getting info about 'Otto's Tales: Let's Visit the Liberty Bell' title
2025-03-04 20:43:57,239 INFO Response 200 for 'Otto's Tales: Let's Visit the Liberty Bell' title
2025-03-04 20:43:57,239 INFO Got data for 'Otto's Tales: Let's Visit the Liberty Bell' title
2025-03-04 20:43:57,440 INFO Started getting info about 'Meeting Our Outer Space Neighbors: The Origin Story Begins with Mercury: Part I' title
2025-03-04 20:43:58,094 INFO Response 200 for 'Meeting Our Outer Space Neighbors: The Origin Story Begins with Mercury: Part I' title
2025-03-04 20:43:58,094 INFO Got data for 'Meeting Our Outer Space Neighbors: The Origin Story Begins with Mercury: Part I' title
2025-03-04 20:43:58,296 INFO Started getting info about 'Puddles Gets a New Home' title
2025-03-04 20:43:59,099 INFO Response 200 for 'Puddles Gets a New Home' title
2025-03-04 20:43:59,099 INFO Got data for 'Puddles Gets a New Home' title
2025-03-04 20:43:59,300 INFO Started getting info about 'The Rainbow Fish' title
2025-03-04 20:44:00,114 INFO Response 200 for 'The Rainbow Fish' title
2025-03-04 20:44:00,114 INFO Got data for 'The Rainbow Fish' title
2025-03-04 20:44:00,315 INFO Started getting info about 'I Love You to the Moon and Back' title
2025-03-04 20:44:01,174 INFO Response 200 for 'I Love You to the Moon and Back' title
2025-03-04 20:44:01,174 INFO Got data for 'I Love You to the Moon and Back' title
2025-03-04 20:44:01,374 INFO Started getting info about 'My First Library: Boxset of 10 Board Books for Kids' title
2025-03-04 20:44:02,072 INFO Response 200 for 'My First Library: Boxset of 10 Board Books for Kids' title
2025-03-04 20:44:02,072 INFO Got data for 'My First Library: Boxset of 10 Board Books for Kids' title
2025-03-04 20:44:02,272 INFO Started getting info about 'Otto's Tales: Let's Visit the Liberty Bell' title
2025-03-04 20:44:02,927 INFO Response 200 for 'Otto's Tales: Let's Visit the Liberty Bell' title
2025-03-04 20:44:02,927 INFO Got data for 'Otto's Tales: Let's Visit the Liberty Bell' title
2025-03-04 20:44:03,128 INFO Started getting info about 'What Should Danny Do? (The Power to Choose Series)' title
2025-03-04 20:44:03,874 INFO Response 200 for 'What Should Danny Do? (The Power to Choose Series)' title
2025-03-04 20:44:03,874 INFO Got data for 'What Should Danny Do? (The Power to Choose Series)' title
2025-03-04 20:44:04,076 INFO Started getting info about '75 Years of Little Golden Books: 1942-2017: A Commemorative Set of 12 Best-Loved Books' title
2025-03-04 20:44:04,815 INFO Response 200 for '75 Years of Little Golden Books: 1942-2017: A Commemorative Set of 12 Best-Loved Books' title
2025-03-04 20:44:04,816 INFO Got data for '75 Years of Little Golden Books: 1942-2017: A Commemorative Set of 12 Best-Loved Books' title
2025-03-04 20:44:05,017 INFO Started getting info about 'My First Library: Boxset of 10 Board Books for Kids' title
2025-03-04 20:44:05,655 INFO Response 200 for 'My First Library: Boxset of 10 Board Books for Kids' title
2025-03-04 20:44:05,656 INFO Got data for 'My First Library: Boxset of 10 Board Books for Kids' title
2025-03-04 20:44:05,857 INFO Started getting info about 'Grumpy Monkey' title
2025-03-04 20:44:06,529 INFO Response 200 for 'Grumpy Monkey' title
2025-03-04 20:44:06,530 INFO Got data for 'Grumpy Monkey' title
2025-03-04 20:44:06,731 INFO Started getting info about 'Dr. Seuss's Beginner Book Boxed Set Collection: The Cat in the Hat; One Fish Two Fish Red Fish Blue Fish; Green Eggs and Ham; Hop on Pop; Fox in Socks' title
2025-03-04 21:12:16,168 INFO Started getting info about 'Otto's Tales: Let's Visit the Liberty Bell' title
2025-03-04 21:12:16,951 INFO Response 200 for 'Otto's Tales: Let's Visit the Liberty Bell' title
2025-03-04 21:12:16,951 INFO Got data for 'Otto's Tales: Let's Visit the Liberty Bell' title
2025-03-04 21:12:17,152 INFO Started getting info about 'Meeting Our Outer Space Neighbors: The Origin Story Begins with Mercury: Part I' title
2025-03-04 21:12:18,398 INFO Response 200 for 'Meeting Our Outer Space Neighbors: The Origin Story Begins with Mercury: Part I' title
2025-03-04 21:12:18,398 INFO Got data for 'Meeting Our Outer Space Neighbors: The Origin Story Begins with Mercury: Part I' title
2025-03-04 21:12:18,600 INFO Started getting info about 'Puddles Gets a New Home' title
2025-03-04 21:12:19,885 INFO Response 200 for 'Puddles Gets a New Home' title
2025-03-04 21:12:19,885 INFO Got data for 'Puddles Gets a New Home' title
2025-03-04 21:12:20,086 INFO Started getting info about 'The Rainbow Fish' title
2025-03-04 21:12:20,798 INFO Response 200 for 'The Rainbow Fish' title
2025-03-04 21:12:20,799 INFO Got data for 'The Rainbow Fish' title
2025-03-04 21:12:20,999 INFO Started getting info about 'I Love You to the Moon and Back' title
2025-03-04 21:12:22,485 INFO Response 200 for 'I Love You to the Moon and Back' title
2025-03-04 21:12:22,486 INFO Got data for 'I Love You to the Moon and Back' title
2025-03-04 21:12:22,686 INFO Started getting info about 'My First Library: Boxset of 10 Board Books for Kids' title
2025-03-04 21:12:23,373 INFO Response 200 for 'My First Library: Boxset of 10 Board Books for Kids' title
2025-03-04 21:12:23,374 INFO Got data for 'My First Library: Boxset of 10 Board Books for Kids' title
2025-03-04 21:12:23,575 INFO Started getting info about 'Otto's Tales: Let's Visit the Liberty Bell' title
2025-03-04 21:12:24,727 INFO Response 200 for 'Otto's Tales: Let's Visit the Liberty Bell' title
2025-03-04 21:12:24,727 INFO Got data for 'Otto's Tales: Let's Visit the Liberty Bell' title
2025-03-04 21:12:24,929 INFO Started getting info about 'What Should Danny Do? (The Power to Choose Series)' title
2025-03-04 21:12:26,201 INFO Response 200 for 'What Should Danny Do? (The Power to Choose Series)' title
2025-03-04 21:12:26,201 INFO Got data for 'What Should Danny Do? (The Power to Choose Series)' title
2025-03-04 21:12:26,402 INFO Started getting info about '75 Years of Little Golden Books: 1942-2017: A Commemorative Set of 12 Best-Loved Books' title
